\BOOKMARK [0][-]{chapter.1}{Introduction}{}% 1
\BOOKMARK [1][-]{section.1.1}{Philosophy}{chapter.1}% 2
\BOOKMARK [1][-]{section.1.2}{Overview over this manual}{chapter.1}% 3
\BOOKMARK [1][-]{section.1.3}{How to read this manual}{chapter.1}% 4
\BOOKMARK [1][-]{section.1.4}{Release notes}{chapter.1}% 5
\BOOKMARK [0][-]{chapter.2}{Examples}{}% 6
\BOOKMARK [1][-]{section.2.1}{A conic of PG\(2,8\)}{chapter.2}% 7
\BOOKMARK [1][-]{section.2.2}{A form for W\(5,3\)}{chapter.2}% 8
\BOOKMARK [1][-]{section.2.3}{What is the form preserved by this group?}{chapter.2}% 9
\BOOKMARK [0][-]{chapter.3}{Background Theory on Forms}{}% 10
\BOOKMARK [1][-]{section.3.1}{Sesquilinear forms}{chapter.3}% 11
\BOOKMARK [1][-]{section.3.2}{Quadratic forms}{chapter.3}% 12
\BOOKMARK [0][-]{chapter.4}{Constructing forms and basic functionality}{}% 13
\BOOKMARK [1][-]{section.4.1}{Important filters}{chapter.4}% 14
\BOOKMARK [1][-]{section.4.2}{Constructing forms using a matrix}{chapter.4}% 15
\BOOKMARK [1][-]{section.4.3}{Constructing forms using a polynomial}{chapter.4}% 16
\BOOKMARK [1][-]{section.4.4}{Switching between bilinear and quadratic forms}{chapter.4}% 17
\BOOKMARK [1][-]{section.4.5}{Evaluating forms}{chapter.4}% 18
\BOOKMARK [1][-]{section.4.6}{Orthogonality, totally isotropic subspaces, and totally singular subspaces}{chapter.4}% 19
\BOOKMARK [1][-]{section.4.7}{Attributes and properties of forms}{chapter.4}% 20
\BOOKMARK [1][-]{section.4.8}{Recognition of sesquilinear forms preserved by a classical group}{chapter.4}% 21
\BOOKMARK [1][-]{section.4.9}{The trivial form and some of its properties}{chapter.4}% 22
\BOOKMARK [0][-]{chapter.5}{Morphisms of forms}{}% 23
\BOOKMARK [1][-]{section.5.1}{Morphisms of sesquilinear forms}{chapter.5}% 24
\BOOKMARK [1][-]{section.5.2}{Morphisms of quadratic forms}{chapter.5}% 25
\BOOKMARK [1][-]{section.5.3}{Operations based on morphisms of forms}{chapter.5}% 26
\BOOKMARK [0][-]{chapter*.3}{References}{}% 27
\BOOKMARK [0][-]{section*.4}{Index}{}% 28
