gap> #Constructing form: HermitianFormByMatrix
gap> gf := GF(3^2);
GF(3^2)
gap> mat := IdentityMat(4, gf);
[ [ Z(3)^0, 0*Z(3), 0*Z(3), 0*Z(3) ], [ 0*Z(3), Z(3)^0, 0*Z(3), 0*Z(3) ], 
  [ 0*Z(3), 0*Z(3), Z(3)^0, 0*Z(3) ], [ 0*Z(3), 0*Z(3), 0*Z(3), Z(3)^0 ] ]
gap> form := HermitianFormByMatrix( mat, gf );
< hermitian form >
gap> Display(form);
Hermitian form
Gram Matrix:
 1 . . .
 . 1 . .
 . . 1 .
 . . . 1
gap> mat := [[Z(11)^0,0*Z(11),0*Z(11)],[0*Z(11),0*Z(11),Z(11)],
>     [0*Z(11),Z(11),0*Z(11)]];
[ [ Z(11)^0, 0*Z(11), 0*Z(11) ], [ 0*Z(11), 0*Z(11), Z(11) ], 
  [ 0*Z(11), Z(11), 0*Z(11) ] ]
gap> form := HermitianFormByMatrix(mat,GF(121));
< hermitian form >
gap> Display(form);
Hermitian form
Gram Matrix:
  1  .  .
  .  .  2
  .  2  .
gap> quit;
